[18:52:27] [main/INFO]: Setting user: Player525
[18:52:28] [Client thread/INFO]: LWJGL Version: 2.9.1
[18:52:28] [Client thread/ERROR]: Couldn't initialize twitch stream
[18:52:31] [Client thread/INFO]: Reloading ResourceManager: Default, FMLFileResourcePack:Forge Mod Loader, FMLFileResourcePack:Minecraft Forge, FMLFileResourcePack:Extra Switches
[18:52:31] [Client thread/INFO]: Created: 512x256 textures/blocks-atlas
[18:52:31] [Sound Library Loader/INFO]: Sound engine started
[18:52:31] [Client thread/INFO]: Created: 256x256 textures/items-atlas
[18:52:31] [Client thread/INFO]: Reloading ResourceManager: Default, FMLFileResourcePack:Forge Mod Loader, FMLFileResourcePack:Minecraft Forge, FMLFileResourcePack:Extra Switches
[18:52:32] [Client thread/INFO]: Created: 512x256 textures/blocks-atlas
[18:52:32] [Client thread/INFO]: Created: 256x256 textures/items-atlas
[18:52:32] [Sound Library Loader/INFO]: Sound engine started
[18:52:36] [Server thread/INFO]: Starting integrated minecraft server version 1.7.10
[18:52:36] [Server thread/INFO]: Generating keypair
[18:52:36] [Server thread/INFO]: Preparing start region for level 0
[18:52:37] [Server thread/INFO]: Changing view distance to 12, from 10
[18:52:37] [Server thread/INFO]: Player525[local:E:be578635] logged in with entity id 368 at (-228.6860933626931, 74.0, 392.9163001911226)
[18:52:37] [Server thread/INFO]: Player525 joined the game
[18:53:16] [Server thread/INFO]: Saving and pausing game...
[18:53:16] [Server thread/INFO]: Saving chunks for level 'New World'/Overworld
[18:53:16] [Server thread/INFO]: Saving chunks for level 'New World'/Nether
[18:53:16] [Server thread/INFO]: Saving chunks for level 'New World'/The End
[18:53:17] [Server thread/INFO]: Stopping server
[18:53:17] [Server thread/INFO]: Saving players
[18:53:17] [Server thread/INFO]: Saving worlds
[18:53:17] [Server thread/INFO]: Saving chunks for level 'New World'/Overworld
[18:53:17] [Server thread/INFO]: Saving chunks for level 'New World'/Nether
[18:53:17] [Server thread/INFO]: Saving chunks for level 'New World'/The End
[19:02:15] [Client thread/INFO]: Stopping!
